<?xml version="1.0" encoding="UTF-8"?>
<testsuite name="chap2.PasswordStrengthMeterTest" tests="5" skipped="0" failures="0" errors="0" timestamp="2022-02-11T02:49:15" hostname="goofyui-MacBookPro.local" time="0.041">
  <properties/>
  <testcase name="meetsAllCriteria_Then_Strong()" classname="chap2.PasswordStrengthMeterTest" time="0.029"/>
  <testcase name="nullInput_Then_Invalid()" classname="chap2.PasswordStrengthMeterTest" time="0.002"/>
  <testcase name="emptyInput_Then_Invalid()" classname="chap2.PasswordStrengthMeterTest" time="0.001"/>
  <testcase name="meetsOtherCriteria_except_for_number_Then_Normal()" classname="chap2.PasswordStrengthMeterTest" time="0.002"/>
  <testcase name="meetsOtherCriteria_except_for_Length_Then_Normal()" classname="chap2.PasswordStrengthMeterTest" time="0.002"/>
  <system-out><![CDATA[]]></system-out>
  <system-err><![CDATA[]]></system-err>
</testsuite>
