<?xml version="1.0" encoding="UTF-8"?>
<testsuite name="CalculatorTest" tests="1" skipped="0" failures="0" errors="0" timestamp="2022-02-11T00:47:38" hostname="goofyui-MacBookPro.local" time="0.128">
  <properties/>
  <testcase name="plus()" classname="CalculatorTest" time="0.128"/>
  <system-out><![CDATA[]]></system-out>
  <system-err><![CDATA[]]></system-err>
</testsuite>
